[17:21:17] [main/INFO]: Loading Minecraft 1.18.2 with Fabric Loader 0.16.10
[17:21:17] [main/INFO]: Loading 4 mods:
	- fabricloader 0.16.10
	   \-- mixinextras 0.4.1
	- java 18
	- minecraft 1.18.2
[17:21:17] [main/INFO]: SpongePowered MIXIN Subsystem Version=0.8.7 Source=file:/C:/Users/stett/Documents/AWS_Minecraft_Server_CDK/assets/MinecraftServer/libraries/net/fabricmc/sponge-mixin/0.15.4+mixin.0.8.7/sponge-mixin-0.15.4+mixin.0.8.7.jar Service=Knot/Fabric Env=SERVER
[17:21:23] [main/INFO]: Environment: authHost='https://authserver.mojang.com', accountsHost='https://api.mojang.com', sessionHost='https://sessionserver.mojang.com', servicesHost='https://api.minecraftservices.com', name='PROD'
[17:21:26] [main/WARN]: Ambiguity between arguments [teleport, location] and [teleport, destination] with inputs: [0.1 -0.5 .9, 0 0 0]
[17:21:26] [main/WARN]: Ambiguity between arguments [teleport, location] and [teleport, targets] with inputs: [0.1 -0.5 .9, 0 0 0]
[17:21:26] [main/WARN]: Ambiguity between arguments [teleport, destination] and [teleport, targets] with inputs: [Player, 0123, @e, dd12be42-52a9-4a91-a8a1-11c01849e498]
[17:21:26] [main/WARN]: Ambiguity between arguments [teleport, targets] and [teleport, destination] with inputs: [Player, 0123, dd12be42-52a9-4a91-a8a1-11c01849e498]
[17:21:26] [main/WARN]: Ambiguity between arguments [teleport, targets, location] and [teleport, targets, destination] with inputs: [0.1 -0.5 .9, 0 0 0]
[17:21:26] [Worker-Main-17/INFO]: Loaded 7 recipes
[17:21:27] [Worker-Main-17/INFO]: Loaded 1141 advancements
[17:21:30] [Server thread/INFO]: Starting minecraft server version 1.18.2
[17:21:30] [Server thread/INFO]: Loading properties
[17:21:30] [Server thread/INFO]: Default game type: SURVIVAL
[17:21:30] [Server thread/INFO]: Generating keypair
[17:21:30] [Server thread/INFO]: Starting Minecraft server on *:25565
[17:21:30] [Server thread/INFO]: Using default channel type
[17:21:32] [Server thread/INFO]: Preparing level "world"
[17:21:33] [Server thread/INFO]: Preparing start region for dimension minecraft:overworld
[17:21:34] [Worker-Main-24/INFO]: Preparing spawn area: 0%
[17:21:34] [Worker-Main-24/INFO]: Preparing spawn area: 0%
[17:21:35] [Worker-Main-18/INFO]: Preparing spawn area: 0%
[17:21:35] [Worker-Main-18/INFO]: Preparing spawn area: 0%
[17:21:35] [Worker-Main-18/INFO]: Preparing spawn area: 0%
[17:21:35] [Worker-Main-16/INFO]: Preparing spawn area: 0%
[17:21:36] [Worker-Main-30/INFO]: Preparing spawn area: 0%
[17:21:36] [Worker-Main-22/INFO]: Preparing spawn area: 0%
[17:21:37] [Worker-Main-18/INFO]: Preparing spawn area: 0%
[17:21:37] [Worker-Main-26/INFO]: Preparing spawn area: 6%
[17:21:38] [Worker-Main-21/INFO]: Preparing spawn area: 23%
[17:21:38] [Worker-Main-21/INFO]: Preparing spawn area: 31%
[17:21:39] [Worker-Main-28/INFO]: Preparing spawn area: 38%
[17:21:41] [Server thread/INFO]: Time elapsed: 8395 ms
[17:21:41] [Server thread/INFO]: Done (9.041s)! For help, type "help"
[17:21:41] [Server thread/INFO]: Starting GS4 status listener
[17:21:41] [Server thread/INFO]: Thread Query Listener started
[17:21:41] [Query Listener #1/INFO]: Query running on 0.0.0.0:25585
[17:21:41] [Server thread/INFO]: Starting remote control listener
[17:21:41] [Server thread/INFO]: Thread RCON Listener started
[17:21:41] [Server thread/INFO]: RCON running on 0.0.0.0:25575
[17:21:56] [Server thread/INFO]: Made Sti11Evolving a server operator
[17:22:17] [User Authenticator #1/INFO]: UUID of player Sti11Evolving is f0d3b8af-38da-46ce-8df1-7f0f9b069f32
[17:22:17] [Server thread/INFO]: Sti11Evolving[/127.0.0.1:55348] logged in with entity id 185 at (59.65011772510994, 112.0, -32.30000001192093)
[17:22:17] [Server thread/INFO]: Sti11Evolving joined the game
[17:22:24] [Server thread/INFO]: [Sti11Evolving: Set own game mode to Creative Mode]
[17:22:37] [Server thread/INFO]: [Sti11Evolving: Set own game mode to Survival Mode]
[17:22:41] [Server thread/INFO]: Sti11Evolving lost connection: Disconnected
[17:22:41] [Server thread/INFO]: Sti11Evolving left the game
[17:23:11] [Server thread/INFO]: Stopping the server
[17:23:12] [Server thread/INFO]: Stopping server
[17:23:12] [Server thread/INFO]: Saving players
[17:23:12] [Server thread/INFO]: Saving worlds
[17:23:12] [Server thread/INFO]: Saving chunks for level 'ServerLevel[world]'/minecraft:overworld
[17:23:12] [Server thread/INFO]: Saving chunks for level 'ServerLevel[world]'/minecraft:the_nether
[17:23:12] [Server thread/INFO]: Saving chunks for level 'ServerLevel[world]'/minecraft:the_end
[17:23:12] [Server thread/INFO]: ThreadedAnvilChunkStorage (world): All chunks are saved
[17:23:12] [Server thread/INFO]: ThreadedAnvilChunkStorage (DIM-1): All chunks are saved
[17:23:12] [Server thread/INFO]: ThreadedAnvilChunkStorage (DIM1): All chunks are saved
[17:23:12] [Server thread/INFO]: ThreadedAnvilChunkStorage: All dimensions are saved
[17:23:12] [Server thread/INFO]: Thread RCON Listener stopped
[17:23:13] [Server thread/INFO]: Thread Query Listener stopped
